Using pre-set license
Built from '2022.3/staging' branch; Version is '2022.3.3f1 (7cdc2969a641) revision 8182825'; Using compiler version '192829333'; Build Type 'Release'
OS: 'Windows 11  (10.0.22000) 64bit Professional' Language: 'ko' Physical Memory: 65485 MB
BatchMode: 1, IsHumanControllingUs: 0, StartBugReporterOnCrash: 0, Is64bit: 1, IsPro: 1

COMMAND LINE ARGUMENTS:
C:\Program Files\Unity 2022.3.3f1\Editor\Unity.exe
-adb2
-batchMode
-noUpm
-name
AssetImportWorker5
-projectPath
C:/Users/ShinHS/meta_station/SkinViewerRenderer/FIleInOut
-logFile
Logs/AssetImportWorker5.log
-srvPort
51782
Successfully changed project path to: C:/Users/ShinHS/meta_station/SkinViewerRenderer/FIleInOut
C:/Users/ShinHS/meta_station/SkinViewerRenderer/FIleInOut
[UnityMemory] Configuration Parameters - Can be set up in boot.config
    "memorysetup-bucket-allocator-granularity=16"
    "memorysetup-bucket-allocator-bucket-count=8"
    "memorysetup-bucket-allocator-block-size=33554432"
    "memorysetup-bucket-allocator-block-count=8"
    "memorysetup-main-allocator-block-size=16777216"
    "memorysetup-thread-allocator-block-size=16777216"
    "memorysetup-gfx-main-allocator-block-size=16777216"
    "memorysetup-gfx-thread-allocator-block-size=16777216"
    "memorysetup-cache-allocator-block-size=4194304"
    "memorysetup-typetree-allocator-block-size=2097152"
    "memorysetup-profiler-bucket-allocator-granularity=16"
    "memorysetup-profiler-bucket-allocator-bucket-count=8"
    "memorysetup-profiler-bucket-allocator-block-size=33554432"
    "memorysetup-profiler-bucket-allocator-block-count=8"
    "memorysetup-profiler-allocator-block-size=16777216"
    "memorysetup-profiler-editor-allocator-block-size=1048576"
    "memorysetup-temp-allocator-size-main=16777216"
    "memorysetup-job-temp-allocator-block-size=2097152"
    "memorysetup-job-temp-allocator-block-size-background=1048576"
    "memorysetup-job-temp-allocator-reduction-small-platforms=262144"
    "memorysetup-allocator-temp-initial-block-size-main=262144"
    "memorysetup-allocator-temp-initial-block-size-worker=262144"
    "memorysetup-temp-allocator-size-background-worker=32768"
    "memorysetup-temp-allocator-size-job-worker=262144"
    "memorysetup-temp-allocator-size-preload-manager=33554432"
    "memorysetup-temp-allocator-size-nav-mesh-worker=65536"
    "memorysetup-temp-allocator-size-audio-worker=65536"
    "memorysetup-temp-allocator-size-cloud-worker=32768"
    "memorysetup-temp-allocator-size-gi-baking-worker=262144"
    "memorysetup-temp-allocator-size-gfx=262144"
Player connection [11184] Host "[IP] 172.30.1.6 [Port] 0 [Flags] 2 [Guid] 1908874755 [EditorId] 1908874755 [Version] 1048832 [Id] WindowsEditor(7,HS) [Debug] 1 [PackageName] WindowsEditor [ProjectName] Editor" joined multi-casting on [225.0.0.222:54997]...

Player connection [11184] Host "[IP] 172.30.1.6 [Port] 0 [Flags] 2 [Guid] 1908874755 [EditorId] 1908874755 [Version] 1048832 [Id] WindowsEditor(7,HS) [Debug] 1 [PackageName] WindowsEditor [ProjectName] Editor" joined alternative multi-casting on [225.0.0.222:34997]...

Refreshing native plugins compatible for Editor in 76.38 ms, found 4 plugins.
Preloading 0 native plugins for Editor in 0.00 ms.
Initialize engine version: 2022.3.3f1 (7cdc2969a641)
[Subsystems] Discovering subsystems at path C:/Program Files/Unity 2022.3.3f1/Editor/Data/Resources/UnitySubsystems
[Subsystems] Discovering subsystems at path C:/Users/ShinHS/meta_station/SkinViewerRenderer/FIleInOut/Assets
GfxDevice: creating device client; threaded=0; jobified=0
Direct3D:
    Version:  Direct3D 11.0 [level 11.1]
    Renderer: NVIDIA GeForce RTX 2070 SUPER (ID=0x1e84)
    Vendor:   NVIDIA
    VRAM:     8012 MB
    Driver:   31.0.15.1740
Initialize mono
Mono path[0] = 'C:/Program Files/Unity 2022.3.3f1/Editor/Data/Managed'
Mono path[1] = 'C:/Program Files/Unity 2022.3.3f1/Editor/Data/MonoBleedingEdge/lib/mono/unityjit-win32'
Mono config path = 'C:/Program Files/Unity 2022.3.3f1/Editor/Data/MonoBleedingEdge/etc'
Using monoOptions --debugger-agent=transport=dt_socket,embedding=1,server=y,suspend=n,address=127.0.0.1:56280
Begin MonoManager ReloadAssembly
Registering precompiled unity dll's ...
Register platform support module: C:/Program Files/Unity 2022.3.3f1/Editor/Data/PlaybackEngines/WindowsStandaloneSupport/UnityEditor.WindowsStandalone.Extensions.dll
Registered in 0.051732 seconds.
- Loaded All Assemblies, in  1.209 seconds
Native extension for WindowsStandalone target not found
Mono: successfully reloaded assembly
- Finished resetting the current domain, in  0.761 seconds
Domain Reload Profiling: 1954ms
	BeginReloadAssembly (381ms)
		ExecutionOrderSort (0ms)
		DisableScriptedObjects (0ms)
		BackupInstance (0ms)
		ReleaseScriptingObjects (0ms)
		CreateAndSetChildDomain (2ms)
	RebuildCommonClasses (112ms)
	RebuildNativeTypeToScriptingClass (27ms)
	initialDomainReloadingComplete (235ms)
	LoadAllAssembliesAndSetupDomain (438ms)
		LoadAssemblies (364ms)
		RebuildTransferFunctionScriptingTraits (0ms)
		AnalyzeDomain (391ms)
			TypeCache.Refresh (389ms)
				TypeCache.ScanAssembly (358ms)
			ScanForSourceGeneratedMonoScriptInfo (0ms)
			ResolveRequiredComponents (1ms)
	FinalizeReload (761ms)
		ReleaseScriptCaches (0ms)
		RebuildScriptCaches (0ms)
		SetupLoadedEditorAssemblies (574ms)
			LogAssemblyErrors (0ms)
			InitializePlatformSupportModulesInManaged (37ms)
			SetLoadedEditorAssemblies (25ms)
			RefreshPlugins (0ms)
			BeforeProcessingInitializeOnLoad (12ms)
			ProcessInitializeOnLoadAttributes (355ms)
			ProcessInitializeOnLoadMethodAttributes (145ms)
			AfterProcessingInitializeOnLoad (0ms)
			EditorAssembliesLoaded (0ms)
		ExecutionOrderSort2 (0ms)
		AwakeInstancesAfterBackupRestoration (0ms)
========================================================================
Worker process is ready to serve import requests
Begin MonoManager ReloadAssembly
Symbol file LoadedFromMemory doesn't match image C:\Users\ShinHS\meta_station\SkinViewerRenderer\FIleInOut\Library\PackageCache\com.unity.visualscripting@1.8.0\Editor\VisualScripting.Core\Dependencies\YamlDotNet\Unity.VisualScripting.YamlDotNet.dll
Symbol file LoadedFromMemory doesn't match image C:\Users\ShinHS\meta_station\SkinViewerRenderer\FIleInOut\Library\PackageCache\com.unity.visualscripting@1.8.0\Editor\VisualScripting.Core\Dependencies\DotNetZip\Unity.VisualScripting.IonicZip.dll
Symbol file LoadedFromMemory is not a mono symbol file
- Loaded All Assemblies, in  2.915 seconds
Refreshing native plugins compatible for Editor in 27.48 ms, found 4 plugins.
Native extension for WindowsStandalone target not found
Mono: successfully reloaded assembly
- Finished resetting the current domain, in  2.099 seconds
Domain Reload Profiling: 4991ms
	BeginReloadAssembly (565ms)
		ExecutionOrderSort (0ms)
		DisableScriptedObjects (20ms)
		BackupInstance (0ms)
		ReleaseScriptingObjects (0ms)
		CreateAndSetChildDomain (75ms)
	RebuildCommonClasses (101ms)
	RebuildNativeTypeToScriptingClass (23ms)
	initialDomainReloadingComplete (122ms)
	LoadAllAssembliesAndSetupDomain (2079ms)
		LoadAssemblies (1375ms)
		RebuildTransferFunctionScriptingTraits (0ms)
		AnalyzeDomain (1000ms)
			TypeCache.Refresh (924ms)
				TypeCache.ScanAssembly (877ms)
			ScanForSourceGeneratedMonoScriptInfo (64ms)
			ResolveRequiredComponents (11ms)
	FinalizeReload (2101ms)
		ReleaseScriptCaches (0ms)
		RebuildScriptCaches (0ms)
		SetupLoadedEditorAssemblies (1533ms)
			LogAssemblyErrors (0ms)
			InitializePlatformSupportModulesInManaged (28ms)
			SetLoadedEditorAssemblies (9ms)
			RefreshPlugins (0ms)
			BeforeProcessingInitializeOnLoad (305ms)
			ProcessInitializeOnLoadAttributes (1009ms)
			ProcessInitializeOnLoadMethodAttributes (146ms)
			AfterProcessingInitializeOnLoad (36ms)
			EditorAssembliesLoaded (0ms)
		ExecutionOrderSort2 (0ms)
		AwakeInstancesAfterBackupRestoration (38ms)
Launched and connected shader compiler UnityShaderCompiler.exe after 0.17 seconds
Refreshing native plugins compatible for Editor in 41.18 ms, found 4 plugins.
Preloading 0 native plugins for Editor in 0.00 ms.
Unloading 5161 Unused Serialized files (Serialized files now loaded: 0)
Unloading 75 unused Assets / (215.5 KB). Loaded Objects now: 5620.
Memory consumption went from 168.0 MB to 167.8 MB.
Total: 7.840600 ms (FindLiveObjects: 0.628600 ms CreateObjectMapping: 0.149100 ms MarkObjects: 6.706900 ms  DeleteObjects: 0.354000 ms)

AssetImportParameters requested are different than current active one (requested -> active):
  custom:container-demuxer-ogg: 62fdf1f143b41e24485cea50d1cbac27 -> 
  custom:video-decoder-ogg-theora: a1e56fd34408186e4bbccfd4996cb3dc -> 
  custom:framework-win-MediaFoundation: 216162199b28c13a410421893ffa2e32 -> 
  custom:container-demuxer-webm: 4f35f7cbe854078d1ac9338744f61a02 -> 
  custom:container-muxer-webm: aa71ff27fc2769a1b78a27578f13a17b -> 
  custom:video-decoder-webm-vp8: 9c59270c3fd7afecdb556c50c9e8de78 -> 
  custom:AudioImporter_EditorPlatform: d09bf68614088b80899f8185d706f6e7 -> 
  custom:video-encoder-webm-vp8: eb34c28f22e8b96e1ab97ce403110664 -> 
  custom:audio-decoder-ogg-vorbis: bf7c407c2cedff20999df2af8eb42d56 -> 
  custom:audio-encoder-webm-vorbis: bf7c407c2cedff20999df2af8eb42d56 -> 
========================================================================
Received Import Request.
  Time since last request: 1084414.380191 seconds.
  path: Assets/Resource/Material.004.mat
  artifactKey: Guid(1140b384950b8c84e9326edbc3fa8652) Importer(815301076,1909f56bfc062723c751e8b465ee728b)
Start importing Assets/Resource/Material.004.mat using Guid(1140b384950b8c84e9326edbc3fa8652) Importer(815301076,1909f56bfc062723c751e8b465ee728b)  -> (artifact id: '21b078479b30f4ab3467f921acb2d2ea') in 0.326676 seconds
Number of updated asset objects reloaded before import = 0
Number of asset objects unloaded after import = 2
========================================================================
Received Import Request.
  Time since last request: 0.000198 seconds.
  path: Assets/Resource/model.fbx
  artifactKey: Guid(819fe0407bddda244b86128d68d28068) Importer(815301076,1909f56bfc062723c751e8b465ee728b)
Start importing Assets/Resource/model.fbx using Guid(819fe0407bddda244b86128d68d28068) Importer(815301076,1909f56bfc062723c751e8b465ee728b)  -> (artifact id: '2ce4bf70a18bfad4695d4af1ba264365') in 0.497731 seconds
Number of updated asset objects reloaded before import = 0
Number of asset objects unloaded after import = 71
========================================================================
Received Import Request.
  Time since last request: 32.427473 seconds.
  path: Assets/Resource/Material.004.mat
  artifactKey: Guid(1140b384950b8c84e9326edbc3fa8652) Importer(815301076,1909f56bfc062723c751e8b465ee728b)
Start importing Assets/Resource/Material.004.mat using Guid(1140b384950b8c84e9326edbc3fa8652) Importer(815301076,1909f56bfc062723c751e8b465ee728b)  -> (artifact id: 'f6bec05442e418c6cb25eb7993d490ba') in 0.056017 seconds
Number of updated asset objects reloaded before import = 0
Number of asset objects unloaded after import = 2
========================================================================
Received Import Request.
  Time since last request: 0.000560 seconds.
  path: Assets/Resource/model.fbx
  artifactKey: Guid(819fe0407bddda244b86128d68d28068) Importer(815301076,1909f56bfc062723c751e8b465ee728b)
Start importing Assets/Resource/model.fbx using Guid(819fe0407bddda244b86128d68d28068) Importer(815301076,1909f56bfc062723c751e8b465ee728b)  -> (artifact id: '5e883ca1683b1588a9cdf477b5da222c') in 0.453099 seconds
Number of updated asset objects reloaded before import = 0
Number of asset objects unloaded after import = 71
========================================================================
Received Import Request.
  Time since last request: 3.367137 seconds.
  path: Assets/Resource/Material.004.mat
  artifactKey: Guid(1140b384950b8c84e9326edbc3fa8652) Importer(815301076,1909f56bfc062723c751e8b465ee728b)
Start importing Assets/Resource/Material.004.mat using Guid(1140b384950b8c84e9326edbc3fa8652) Importer(815301076,1909f56bfc062723c751e8b465ee728b)  -> (artifact id: '67d7b04ae31db6d283411e46ee59a73c') in 0.054169 seconds
Number of updated asset objects reloaded before import = 0
Number of asset objects unloaded after import = 2
========================================================================
Received Import Request.
  Time since last request: 0.000032 seconds.
  path: Assets/Resource/model.fbx
  artifactKey: Guid(819fe0407bddda244b86128d68d28068) Importer(815301076,1909f56bfc062723c751e8b465ee728b)
Start importing Assets/Resource/model.fbx using Guid(819fe0407bddda244b86128d68d28068) Importer(815301076,1909f56bfc062723c751e8b465ee728b)  -> (artifact id: '99f809eca0c71df7b1bfaa4341539990') in 0.393233 seconds
Number of updated asset objects reloaded before import = 0
Number of asset objects unloaded after import = 71
========================================================================
Received Import Request.
  Time since last request: 51.220591 seconds.
  path: Assets/Resource/Material.006.mat
  artifactKey: Guid(74c06123527457c47950a33c84e6e639) Importer(815301076,1909f56bfc062723c751e8b465ee728b)
Start importing Assets/Resource/Material.006.mat using Guid(74c06123527457c47950a33c84e6e639) Importer(815301076,1909f56bfc062723c751e8b465ee728b)  -> (artifact id: '73fa3bf35a964e2a3bcceb52cc956887') in 0.038310 seconds
Number of updated asset objects reloaded before import = 0
Number of asset objects unloaded after import = 2
========================================================================
Received Import Request.
  Time since last request: 0.000023 seconds.
  path: Assets/Resource/model.fbx
  artifactKey: Guid(819fe0407bddda244b86128d68d28068) Importer(815301076,1909f56bfc062723c751e8b465ee728b)
Start importing Assets/Resource/model.fbx using Guid(819fe0407bddda244b86128d68d28068) Importer(815301076,1909f56bfc062723c751e8b465ee728b)  -> (artifact id: '7a51031ca60ef01c29eaf225884c0024') in 0.381870 seconds
Number of updated asset objects reloaded before import = 0
Number of asset objects unloaded after import = 71
========================================================================
Received Import Request.
  Time since last request: 375.306709 seconds.
  path: Assets/Resource/Material.004.mat
  artifactKey: Guid(1140b384950b8c84e9326edbc3fa8652) Importer(815301076,1909f56bfc062723c751e8b465ee728b)
Start importing Assets/Resource/Material.004.mat using Guid(1140b384950b8c84e9326edbc3fa8652) Importer(815301076,1909f56bfc062723c751e8b465ee728b)  -> (artifact id: '916751e60cd308dc81d15bec940e878f') in 0.061959 seconds
Number of updated asset objects reloaded before import = 0
Number of asset objects unloaded after import = 2
========================================================================
Received Import Request.
  Time since last request: 0.000032 seconds.
  path: Assets/Resource/t.png
  artifactKey: Guid(af704fc750d42c24197484528e32f403) Importer(815301076,1909f56bfc062723c751e8b465ee728b)
Start importing Assets/Resource/t.png using Guid(af704fc750d42c24197484528e32f403) Importer(815301076,1909f56bfc062723c751e8b465ee728b)  -> (artifact id: '4baad9a56066d9f4a916c522daa4054d') in 0.091346 seconds
Number of updated asset objects reloaded before import = 0
Number of asset objects unloaded after import = 3
========================================================================
Received Import Request.
  Time since last request: 0.000852 seconds.
  path: Assets/Resource/Material.006.mat
  artifactKey: Guid(74c06123527457c47950a33c84e6e639) Importer(815301076,1909f56bfc062723c751e8b465ee728b)
Start importing Assets/Resource/Material.006.mat using Guid(74c06123527457c47950a33c84e6e639) Importer(815301076,1909f56bfc062723c751e8b465ee728b)  -> (artifact id: 'fe76ee288b1cbaf8847419f8fb4bea8e') in 0.057255 seconds
Number of updated asset objects reloaded before import = 0
Number of asset objects unloaded after import = 2
Editor requested this worker to shutdown with reason: Scaling down because of idle timeout
TcpMessagingSession - receive error: operation aborted. errorcode: 995, details: 스레드 종료 또는 응용 프로그램 요청 때문에 I/O 작업이 취소되었습니다.
AssetImportWorker is now disconnected from the server
Process exiting
Exiting without the bug reporter. Application will terminate with return code 0