Using pre-set license
Built from '2022.3/staging' branch; Version is '2022.3.3f1 (7cdc2969a641) revision 8182825'; Using compiler version '192829333'; Build Type 'Release'
OS: 'Windows 11  (10.0.22000) 64bit Professional' Language: 'ko' Physical Memory: 65485 MB
BatchMode: 1, IsHumanControllingUs: 0, StartBugReporterOnCrash: 0, Is64bit: 1, IsPro: 1

COMMAND LINE ARGUMENTS:
C:\Program Files\Unity 2022.3.3f1\Editor\Unity.exe
-adb2
-batchMode
-noUpm
-name
AssetImportWorker4
-projectPath
C:/Users/ShinHS/meta_station/SkinViewerRenderer/FIleInOut
-logFile
Logs/AssetImportWorker4.log
-srvPort
51782
Successfully changed project path to: C:/Users/ShinHS/meta_station/SkinViewerRenderer/FIleInOut
C:/Users/ShinHS/meta_station/SkinViewerRenderer/FIleInOut
[UnityMemory] Configuration Parameters - Can be set up in boot.config
    "memorysetup-bucket-allocator-granularity=16"
    "memorysetup-bucket-allocator-bucket-count=8"
    "memorysetup-bucket-allocator-block-size=33554432"
    "memorysetup-bucket-allocator-block-count=8"
    "memorysetup-main-allocator-block-size=16777216"
    "memorysetup-thread-allocator-block-size=16777216"
    "memorysetup-gfx-main-allocator-block-size=16777216"
    "memorysetup-gfx-thread-allocator-block-size=16777216"
    "memorysetup-cache-allocator-block-size=4194304"
    "memorysetup-typetree-allocator-block-size=2097152"
    "memorysetup-profiler-bucket-allocator-granularity=16"
    "memorysetup-profiler-bucket-allocator-bucket-count=8"
    "memorysetup-profiler-bucket-allocator-block-size=33554432"
    "memorysetup-profiler-bucket-allocator-block-count=8"
    "memorysetup-profiler-allocator-block-size=16777216"
    "memorysetup-profiler-editor-allocator-block-size=1048576"
    "memorysetup-temp-allocator-size-main=16777216"
    "memorysetup-job-temp-allocator-block-size=2097152"
    "memorysetup-job-temp-allocator-block-size-background=1048576"
    "memorysetup-job-temp-allocator-reduction-small-platforms=262144"
    "memorysetup-allocator-temp-initial-block-size-main=262144"
    "memorysetup-allocator-temp-initial-block-size-worker=262144"
    "memorysetup-temp-allocator-size-background-worker=32768"
    "memorysetup-temp-allocator-size-job-worker=262144"
    "memorysetup-temp-allocator-size-preload-manager=33554432"
    "memorysetup-temp-allocator-size-nav-mesh-worker=65536"
    "memorysetup-temp-allocator-size-audio-worker=65536"
    "memorysetup-temp-allocator-size-cloud-worker=32768"
    "memorysetup-temp-allocator-size-gi-baking-worker=262144"
    "memorysetup-temp-allocator-size-gfx=262144"
Player connection [14072] Host "[IP] 172.30.1.6 [Port] 0 [Flags] 2 [Guid] 3266928985 [EditorId] 3266928985 [Version] 1048832 [Id] WindowsEditor(7,HS) [Debug] 1 [PackageName] WindowsEditor [ProjectName] Editor" joined multi-casting on [225.0.0.222:54997]...

Player connection [14072] Host "[IP] 172.30.1.6 [Port] 0 [Flags] 2 [Guid] 3266928985 [EditorId] 3266928985 [Version] 1048832 [Id] WindowsEditor(7,HS) [Debug] 1 [PackageName] WindowsEditor [ProjectName] Editor" joined alternative multi-casting on [225.0.0.222:34997]...

Refreshing native plugins compatible for Editor in 83.67 ms, found 4 plugins.
Preloading 0 native plugins for Editor in 0.00 ms.
Initialize engine version: 2022.3.3f1 (7cdc2969a641)
[Subsystems] Discovering subsystems at path C:/Program Files/Unity 2022.3.3f1/Editor/Data/Resources/UnitySubsystems
[Subsystems] Discovering subsystems at path C:/Users/ShinHS/meta_station/SkinViewerRenderer/FIleInOut/Assets
GfxDevice: creating device client; threaded=0; jobified=0
Direct3D:
    Version:  Direct3D 11.0 [level 11.1]
    Renderer: NVIDIA GeForce RTX 2070 SUPER (ID=0x1e84)
    Vendor:   NVIDIA
    VRAM:     8012 MB
    Driver:   31.0.15.1740
Initialize mono
Mono path[0] = 'C:/Program Files/Unity 2022.3.3f1/Editor/Data/Managed'
Mono path[1] = 'C:/Program Files/Unity 2022.3.3f1/Editor/Data/MonoBleedingEdge/lib/mono/unityjit-win32'
Mono config path = 'C:/Program Files/Unity 2022.3.3f1/Editor/Data/MonoBleedingEdge/etc'
Using monoOptions --debugger-agent=transport=dt_socket,embedding=1,server=y,suspend=n,address=127.0.0.1:56848
Begin MonoManager ReloadAssembly
Registering precompiled unity dll's ...
Register platform support module: C:/Program Files/Unity 2022.3.3f1/Editor/Data/PlaybackEngines/WindowsStandaloneSupport/UnityEditor.WindowsStandalone.Extensions.dll
Registered in 0.053712 seconds.
- Loaded All Assemblies, in  1.241 seconds
Native extension for WindowsStandalone target not found
Mono: successfully reloaded assembly
- Finished resetting the current domain, in  0.816 seconds
Domain Reload Profiling: 2034ms
	BeginReloadAssembly (366ms)
		ExecutionOrderSort (0ms)
		DisableScriptedObjects (0ms)
		BackupInstance (0ms)
		ReleaseScriptingObjects (0ms)
		CreateAndSetChildDomain (2ms)
	RebuildCommonClasses (125ms)
	RebuildNativeTypeToScriptingClass (27ms)
	initialDomainReloadingComplete (256ms)
	LoadAllAssembliesAndSetupDomain (445ms)
		LoadAssemblies (352ms)
		RebuildTransferFunctionScriptingTraits (0ms)
		AnalyzeDomain (416ms)
			TypeCache.Refresh (414ms)
				TypeCache.ScanAssembly (381ms)
			ScanForSourceGeneratedMonoScriptInfo (1ms)
			ResolveRequiredComponents (1ms)
	FinalizeReload (816ms)
		ReleaseScriptCaches (0ms)
		RebuildScriptCaches (0ms)
		SetupLoadedEditorAssemblies (634ms)
			LogAssemblyErrors (0ms)
			InitializePlatformSupportModulesInManaged (40ms)
			SetLoadedEditorAssemblies (15ms)
			RefreshPlugins (0ms)
			BeforeProcessingInitializeOnLoad (14ms)
			ProcessInitializeOnLoadAttributes (414ms)
			ProcessInitializeOnLoadMethodAttributes (150ms)
			AfterProcessingInitializeOnLoad (0ms)
			EditorAssembliesLoaded (0ms)
		ExecutionOrderSort2 (0ms)
		AwakeInstancesAfterBackupRestoration (0ms)
========================================================================
Worker process is ready to serve import requests
Begin MonoManager ReloadAssembly
Symbol file LoadedFromMemory doesn't match image C:\Users\ShinHS\meta_station\SkinViewerRenderer\FIleInOut\Library\PackageCache\com.unity.visualscripting@1.8.0\Editor\VisualScripting.Core\Dependencies\YamlDotNet\Unity.VisualScripting.YamlDotNet.dll
Symbol file LoadedFromMemory doesn't match image C:\Users\ShinHS\meta_station\SkinViewerRenderer\FIleInOut\Library\PackageCache\com.unity.visualscripting@1.8.0\Editor\VisualScripting.Core\Dependencies\DotNetZip\Unity.VisualScripting.IonicZip.dll
Symbol file LoadedFromMemory is not a mono symbol file
- Loaded All Assemblies, in  2.938 seconds
Refreshing native plugins compatible for Editor in 31.49 ms, found 4 plugins.
Native extension for WindowsStandalone target not found
Mono: successfully reloaded assembly
- Finished resetting the current domain, in  2.118 seconds
Domain Reload Profiling: 5026ms
	BeginReloadAssembly (576ms)
		ExecutionOrderSort (0ms)
		DisableScriptedObjects (22ms)
		BackupInstance (0ms)
		ReleaseScriptingObjects (0ms)
		CreateAndSetChildDomain (80ms)
	RebuildCommonClasses (97ms)
	RebuildNativeTypeToScriptingClass (23ms)
	initialDomainReloadingComplete (128ms)
	LoadAllAssembliesAndSetupDomain (2083ms)
		LoadAssemblies (1341ms)
		RebuildTransferFunctionScriptingTraits (0ms)
		AnalyzeDomain (1026ms)
			TypeCache.Refresh (950ms)
				TypeCache.ScanAssembly (897ms)
			ScanForSourceGeneratedMonoScriptInfo (58ms)
			ResolveRequiredComponents (18ms)
	FinalizeReload (2120ms)
		ReleaseScriptCaches (0ms)
		RebuildScriptCaches (0ms)
		SetupLoadedEditorAssemblies (1533ms)
			LogAssemblyErrors (0ms)
			InitializePlatformSupportModulesInManaged (33ms)
			SetLoadedEditorAssemblies (10ms)
			RefreshPlugins (0ms)
			BeforeProcessingInitializeOnLoad (277ms)
			ProcessInitializeOnLoadAttributes (1027ms)
			ProcessInitializeOnLoadMethodAttributes (138ms)
			AfterProcessingInitializeOnLoad (48ms)
			EditorAssembliesLoaded (0ms)
		ExecutionOrderSort2 (0ms)
		AwakeInstancesAfterBackupRestoration (34ms)
Launched and connected shader compiler UnityShaderCompiler.exe after 0.17 seconds
Refreshing native plugins compatible for Editor in 30.90 ms, found 4 plugins.
Preloading 0 native plugins for Editor in 0.00 ms.
Unloading 5161 Unused Serialized files (Serialized files now loaded: 0)
Unloading 75 unused Assets / (215.5 KB). Loaded Objects now: 5620.
Memory consumption went from 167.8 MB to 167.6 MB.
Total: 8.324500 ms (FindLiveObjects: 1.507300 ms CreateObjectMapping: 0.197800 ms MarkObjects: 6.181300 ms  DeleteObjects: 0.436500 ms)

AssetImportParameters requested are different than current active one (requested -> active):
  custom:container-demuxer-ogg: 62fdf1f143b41e24485cea50d1cbac27 -> 
  custom:video-decoder-ogg-theora: a1e56fd34408186e4bbccfd4996cb3dc -> 
  custom:framework-win-MediaFoundation: 216162199b28c13a410421893ffa2e32 -> 
  custom:container-demuxer-webm: 4f35f7cbe854078d1ac9338744f61a02 -> 
  custom:container-muxer-webm: aa71ff27fc2769a1b78a27578f13a17b -> 
  custom:video-decoder-webm-vp8: 9c59270c3fd7afecdb556c50c9e8de78 -> 
  custom:AudioImporter_EditorPlatform: d09bf68614088b80899f8185d706f6e7 -> 
  custom:video-encoder-webm-vp8: eb34c28f22e8b96e1ab97ce403110664 -> 
  custom:audio-decoder-ogg-vorbis: bf7c407c2cedff20999df2af8eb42d56 -> 
  custom:audio-encoder-webm-vorbis: bf7c407c2cedff20999df2af8eb42d56 -> 
========================================================================
Received Import Request.
  Time since last request: 1084414.378135 seconds.
  path: Assets/Resource/Material.003.mat
  artifactKey: Guid(c53bdd6e4e038dc4ea44efcb219916a9) Importer(815301076,1909f56bfc062723c751e8b465ee728b)
Start importing Assets/Resource/Material.003.mat using Guid(c53bdd6e4e038dc4ea44efcb219916a9) Importer(815301076,1909f56bfc062723c751e8b465ee728b)  -> (artifact id: '353c2dce63c7a0baa1292095f9e5e8b6') in 0.330383 seconds
Number of updated asset objects reloaded before import = 0
Number of asset objects unloaded after import = 2
========================================================================
Received Import Request.
  Time since last request: 0.000050 seconds.
  path: Assets/Resource/Material.006.mat
  artifactKey: Guid(74c06123527457c47950a33c84e6e639) Importer(815301076,1909f56bfc062723c751e8b465ee728b)
Start importing Assets/Resource/Material.006.mat using Guid(74c06123527457c47950a33c84e6e639) Importer(815301076,1909f56bfc062723c751e8b465ee728b)  -> (artifact id: 'b771a002efbe003384c0f58ce7cc7bea') in 0.047903 seconds
Number of updated asset objects reloaded before import = 0
Number of asset objects unloaded after import = 2
========================================================================
Received Import Request.
  Time since last request: 32.878286 seconds.
  path: Assets/Resource/Material.003.mat
  artifactKey: Guid(c53bdd6e4e038dc4ea44efcb219916a9) Importer(815301076,1909f56bfc062723c751e8b465ee728b)
Start importing Assets/Resource/Material.003.mat using Guid(c53bdd6e4e038dc4ea44efcb219916a9) Importer(815301076,1909f56bfc062723c751e8b465ee728b)  -> (artifact id: 'c96c9fd08c9e493fa3448253011d68b9') in 0.083422 seconds
Number of updated asset objects reloaded before import = 0
Number of asset objects unloaded after import = 2
========================================================================
Received Import Request.
  Time since last request: 0.000025 seconds.
  path: Assets/Resource/t.png
  artifactKey: Guid(af704fc750d42c24197484528e32f403) Importer(815301076,1909f56bfc062723c751e8b465ee728b)
Start importing Assets/Resource/t.png using Guid(af704fc750d42c24197484528e32f403) Importer(815301076,1909f56bfc062723c751e8b465ee728b)  -> (artifact id: '5a2b494f9859b904f706b9c4c62e60f7') in 0.084972 seconds
Number of updated asset objects reloaded before import = 0
Number of asset objects unloaded after import = 2
========================================================================
Received Import Request.
  Time since last request: 0.000139 seconds.
  path: Assets/Resource/Material.006.mat
  artifactKey: Guid(74c06123527457c47950a33c84e6e639) Importer(815301076,1909f56bfc062723c751e8b465ee728b)
Start importing Assets/Resource/Material.006.mat using Guid(74c06123527457c47950a33c84e6e639) Importer(815301076,1909f56bfc062723c751e8b465ee728b)  -> (artifact id: '974f751a50a08300fd8512cfee53e308') in 0.054154 seconds
Number of updated asset objects reloaded before import = 0
Number of asset objects unloaded after import = 2
========================================================================
Received Import Request.
  Time since last request: 3.650080 seconds.
  path: Assets/Resource/Material.003.mat
  artifactKey: Guid(c53bdd6e4e038dc4ea44efcb219916a9) Importer(815301076,1909f56bfc062723c751e8b465ee728b)
Start importing Assets/Resource/Material.003.mat using Guid(c53bdd6e4e038dc4ea44efcb219916a9) Importer(815301076,1909f56bfc062723c751e8b465ee728b)  -> (artifact id: 'aa56c32164c6d79a0d7abb3775a6c55c') in 0.056424 seconds
Number of updated asset objects reloaded before import = 0
Number of asset objects unloaded after import = 2
========================================================================
Received Import Request.
  Time since last request: 0.000022 seconds.
  path: Assets/Resource/t.png
  artifactKey: Guid(af704fc750d42c24197484528e32f403) Importer(815301076,1909f56bfc062723c751e8b465ee728b)
Start importing Assets/Resource/t.png using Guid(af704fc750d42c24197484528e32f403) Importer(815301076,1909f56bfc062723c751e8b465ee728b)  -> (artifact id: '710886585c5f3a4168936ea547b43a55') in 0.055033 seconds
Number of updated asset objects reloaded before import = 0
Number of asset objects unloaded after import = 2
========================================================================
Received Import Request.
  Time since last request: 0.000036 seconds.
  path: Assets/Resource/Material.006.mat
  artifactKey: Guid(74c06123527457c47950a33c84e6e639) Importer(815301076,1909f56bfc062723c751e8b465ee728b)
Start importing Assets/Resource/Material.006.mat using Guid(74c06123527457c47950a33c84e6e639) Importer(815301076,1909f56bfc062723c751e8b465ee728b)  -> (artifact id: '63c657e4f4062387e049a6564d9b9677') in 0.041645 seconds
Number of updated asset objects reloaded before import = 0
Number of asset objects unloaded after import = 2
========================================================================
Received Import Request.
  Time since last request: 51.512479 seconds.
  path: Assets/Resource/Material.003.mat
  artifactKey: Guid(c53bdd6e4e038dc4ea44efcb219916a9) Importer(815301076,1909f56bfc062723c751e8b465ee728b)
Start importing Assets/Resource/Material.003.mat using Guid(c53bdd6e4e038dc4ea44efcb219916a9) Importer(815301076,1909f56bfc062723c751e8b465ee728b)  -> (artifact id: '20095693c24cfab49c492320006c48bd') in 0.042951 seconds
Number of updated asset objects reloaded before import = 0
Number of asset objects unloaded after import = 2
========================================================================
Received Import Request.
  Time since last request: 0.000023 seconds.
  path: Assets/Resource/t.png
  artifactKey: Guid(af704fc750d42c24197484528e32f403) Importer(815301076,1909f56bfc062723c751e8b465ee728b)
Start importing Assets/Resource/t.png using Guid(af704fc750d42c24197484528e32f403) Importer(815301076,1909f56bfc062723c751e8b465ee728b)  -> (artifact id: '9b21dfbd9affaed69fa7a48e2c046a16') in 0.060117 seconds
Number of updated asset objects reloaded before import = 0
Number of asset objects unloaded after import = 3
Editor requested this worker to shutdown with reason: Scaling down because of idle timeout
TcpMessagingSession - receive error: operation aborted. errorcode: 995, details: 스레드 종료 또는 응용 프로그램 요청 때문에 I/O 작업이 취소되었습니다.
AssetImportWorker is now disconnected from the server
Process exiting
Exiting without the bug reporter. Application will terminate with return code 0